  moc DBEX_32bit.h
   C:\Users\82109\Desktop\DBEX_32bit\DBEX_32bit\DBEX_32bit.h(35): Warning: Function declaration DBEX_32bit::NextButtonClick contains extra qualification. Ignoring as signal or slot.
   C:\Users\82109\Desktop\DBEX_32bit\DBEX_32bit\DBEX_32bit.h(36): Warning: Function declaration DBEX_32bit::BeforeButtonClick contains extra qualification. Ignoring as signal or slot.
   C:\Users\82109\Desktop\DBEX_32bit\DBEX_32bit\DBEX_32bit.h(37): Warning: Function declaration DBEX_32bit::OpendialogInputButtonClicked contains extra qualification. Ignoring as signal or slot.
   C:\Users\82109\Desktop\DBEX_32bit\DBEX_32bit\DBEX_32bit.h(38): Warning: Function declaration DBEX_32bit::OpendialogOutputButtonClicked contains extra qualification. Ignoring as signal or slot.
   C:\Users\82109\Desktop\DBEX_32bit\DBEX_32bit\DBEX_32bit.h(39): Warning: Function declaration DBEX_32bit::FunctionStart contains extra qualification. Ignoring as signal or slot.
   C:\Users\82109\Desktop\DBEX_32bit\DBEX_32bit\DBEX_32bit.h(40): Warning: Function declaration DBEX_32bit::Option_save contains extra qualification. Ignoring as signal or slot.
   C:\Users\82109\Desktop\DBEX_32bit\DBEX_32bit\DBEX_32bit.h(41): Warning: Function declaration DBEX_32bit::Table_show contains extra qualification. Ignoring as signal or slot.
   C:\Users\82109\Desktop\DBEX_32bit\DBEX_32bit\DBEX_32bit.h(42): Warning: Function declaration DBEX_32bit::Option_set contains extra qualification. Ignoring as signal or slot.
   C:\Users\82109\Desktop\DBEX_32bit\DBEX_32bit\DBEX_32bit.h(43): Warning: Function declaration DBEX_32bit::Option1_tablecombobox_change contains extra qualification. Ignoring as signal or slot.
   C:\Users\82109\Desktop\DBEX_32bit\DBEX_32bit\DBEX_32bit.h(44): Warning: Function declaration DBEX_32bit::FK_tablechange contains extra qualification. Ignoring as signal or slot.
   C:\Users\82109\Desktop\DBEX_32bit\DBEX_32bit\DBEX_32bit.h(45): Warning: Function declaration DBEX_32bit::Option1_fieldcombobox_change contains extra qualification. Ignoring as signal or slot.
   C:\Users\82109\Desktop\DBEX_32bit\DBEX_32bit\DBEX_32bit.h(46): Warning: Function declaration DBEX_32bit::LabelChange contains extra qualification. Ignoring as signal or slot.
   C:\Users\82109\Desktop\DBEX_32bit\DBEX_32bit\DBEX_32bit.h(47): Warning: Function declaration DBEX_32bit::FileOpen contains extra qualification. Ignoring as signal or slot.
   C:\Users\82109\Desktop\DBEX_32bit\DBEX_32bit\DBEX_32bit.h(48): Warning: Function declaration DBEX_32bit::Firstback contains extra qualification. Ignoring as signal or slot.
   C:\Users\82109\Desktop\DBEX_32bit\DBEX_32bit\DBEX_32bit.h(49): Warning: Function declaration DBEX_32bit::Option2_combobox_change contains extra qualification. Ignoring as signal or slot.
   C:\Users\82109\Desktop\DBEX_32bit\DBEX_32bit\DBEX_32bit.h(50): Warning: Function declaration DBEX_32bit::Option2_save contains extra qualification. Ignoring as signal or slot.
   C:\Users\82109\Desktop\DBEX_32bit\DBEX_32bit\DBEX_32bit.h(51): Warning: Function declaration DBEX_32bit::Option2_delete contains extra qualification. Ignoring as signal or slot.
   C:\Users\82109\Desktop\DBEX_32bit\DBEX_32bit\DBEX_32bit.h(52): Warning: Function declaration DBEX_32bit::Option2_table_show contains extra qualification. Ignoring as signal or slot.
   C:\Users\82109\Desktop\DBEX_32bit\DBEX_32bit\DBEX_32bit.h(53): Warning: Function declaration DBEX_32bit::tostring contains extra qualification. Ignoring as signal or slot.
   C:\Users\82109\Desktop\DBEX_32bit\DBEX_32bit\DBEX_32bit.h(54): Warning: Function declaration DBEX_32bit::fromstring contains extra qualification. Ignoring as signal or slot.
  DBEX_32bit.cpp
  main.cpp
  moc_DBEX_32bit.cpp
zolproject.lib(excelReader.obj) : warning LNK4075: '/EDITANDCONTINUE'이(가) '/SAFESEH' 사양으로 인해 무시됩니다.
MSVCRTD.lib(initializers.obj) : warning LNK4098: 'msvcrt.lib' defaultlib가 다른 라이브러리와 충돌합니다. /NODEFAULTLIB:library를 사용하십시오.
lib_json.lib(json_reader.obj) : warning LNK4099: 'lib_json.pdb' PDB를 'lib_json.lib(json_reader.obj)' 또는 'C:\Users\82109\Desktop\DBEX_32bit\DBEX_32bit\Debug\lib_json.pdb'에서 찾을 수 없습니다. 디버그 정보가 없는 것처럼 개체를 링크합니다.
lib_json.lib(json_value.obj) : warning LNK4099: 'lib_json.pdb' PDB를 'lib_json.lib(json_value.obj)' 또는 'C:\Users\82109\Desktop\DBEX_32bit\DBEX_32bit\Debug\lib_json.pdb'에서 찾을 수 없습니다. 디버그 정보가 없는 것처럼 개체를 링크합니다.
lib_json.lib(json_writer.obj) : warning LNK4099: 'lib_json.pdb' PDB를 'lib_json.lib(json_writer.obj)' 또는 'C:\Users\82109\Desktop\DBEX_32bit\DBEX_32bit\Debug\lib_json.pdb'에서 찾을 수 없습니다. 디버그 정보가 없는 것처럼 개체를 링크합니다.
zolproject.lib(parson.obj) : warning LNK4204: 'C:\Users\82109\Desktop\DBEX_32bit\DBEX_32bit\Debug\zolproject.pdb'에 참조 모듈에 대한 디버깅 정보가 없습니다. 디버깅 정보가 없는 것처럼 개체를 링크합니다.
zolproject.lib(sqlite3.obj) : warning LNK4204: 'C:\Users\82109\Desktop\DBEX_32bit\DBEX_32bit\Debug\zolproject.pdb'에 참조 모듈에 대한 디버깅 정보가 없습니다. 디버깅 정보가 없는 것처럼 개체를 링크합니다.
  DBEX_32bit.vcxproj -> C:\Users\82109\Desktop\DBEX_32bit\DBEX_32bit\Debug\DBEX_32bit.exe
