c:\users\82109\desktop\dbex_32bit\dbex_32bit\debug\main.obj
c:\users\82109\desktop\dbex_32bit\dbex_32bit\debug\dbex_32bit.obj
c:\users\82109\desktop\dbex_32bit\dbex_32bit\debug\vc142.pdb
c:\users\82109\desktop\dbex_32bit\dbex_32bit\debug\moc_dbex_32bit.obj
c:\users\82109\desktop\dbex_32bit\dbex_32bit\debug\qrc_dbex_32bit.obj
c:\users\82109\desktop\dbex_32bit\dbex_32bit\debug\uic\ui_dbex_32bit.h
c:\users\82109\desktop\dbex_32bit\dbex_32bit\debug\rcc\qrc_dbex_32bit.cpp
c:\users\82109\desktop\dbex_32bit\dbex_32bit\debug\moc\moc_dbex_32bit.cpp
c:\users\82109\desktop\dbex_32bit\dbex_32bit\debug\dbex_32bit.ilk
c:\users\82109\desktop\dbex_32bit\dbex_32bit\debug\dbex_32bit.exe
c:\users\82109\desktop\dbex_32bit\dbex_32bit\debug\dbex_32bit.pdb
c:\users\82109\desktop\dbex_32bit\dbex_32bit\debug\zolproject.idb
c:\users\82109\desktop\dbex_32bit\dbex_32bit\debug\zolproject.pdb
c:\users\82109\desktop\dbex_32bit\dbex_32bit\debug\dbex_32bit.tlog\cl.17520.write.1.tlog
c:\users\82109\desktop\dbex_32bit\dbex_32bit\debug\dbex_32bit.tlog\cl.command.1.tlog
c:\users\82109\desktop\dbex_32bit\dbex_32bit\debug\dbex_32bit.tlog\cl.read.1.tlog
c:\users\82109\desktop\dbex_32bit\dbex_32bit\debug\dbex_32bit.tlog\dbex_32bit.write.1u.tlog
c:\users\82109\desktop\dbex_32bit\dbex_32bit\debug\dbex_32bit.tlog\link.command.1.tlog
c:\users\82109\desktop\dbex_32bit\dbex_32bit\debug\dbex_32bit.tlog\link.read.1.tlog
c:\users\82109\desktop\dbex_32bit\dbex_32bit\debug\dbex_32bit.tlog\link.write.1.tlog
c:\users\82109\desktop\dbex_32bit\dbex_32bit\debug\dbex_32bit.tlog\moc.read.1u.tlog
c:\users\82109\desktop\dbex_32bit\dbex_32bit\debug\dbex_32bit.tlog\moc.write.1u.tlog
c:\users\82109\desktop\dbex_32bit\dbex_32bit\debug\dbex_32bit.tlog\rcc.read.1u.tlog
c:\users\82109\desktop\dbex_32bit\dbex_32bit\debug\dbex_32bit.tlog\rcc.write.1u.tlog
c:\users\82109\desktop\dbex_32bit\dbex_32bit\debug\dbex_32bit.tlog\uic.read.1u.tlog
c:\users\82109\desktop\dbex_32bit\dbex_32bit\debug\dbex_32bit.tlog\uic.write.1u.tlog
