  -- Install configuration: "Debug"
  -- Installing: C:/Users/jina0/Downloads/xlnt-1.5.0/build/installed/lib/xlntd.lib
  -- Installing: C:/Users/jina0/Downloads/xlnt-1.5.0/build/installed/bin/xlntd.dll
  -- Up-to-date: C:/Users/jina0/Downloads/xlnt-1.5.0/build/installed/lib/cmake/xlnt/XlntTargets.cmake
  -- Up-to-date: C:/Users/jina0/Downloads/xlnt-1.5.0/build/installed/lib/cmake/xlnt/XlntTargets-debug.cmake
  -- Up-to-date: C:/Users/jina0/Downloads/xlnt-1.5.0/build/installed/lib/cmake/xlnt/XlntConfig.cmake
  -- Up-to-date: C:/Users/jina0/Downloads/xlnt-1.5.0/build/installed/lib/cmake/xlnt/XlntConfigVersion.cmake
  -- Up-to-date: C:/Users/jina0/Downloads/xlnt-1.5.0/build/installed/include/xlnt
  -- Up-to-date: C:/Users/jina0/Downloads/xlnt-1.5.0/build/installed/include/xlnt/cell
  -- Up-to-date: C:/Users/jina0/Downloads/xlnt-1.5.0/build/installed/include/xlnt/cell/cell.hpp
  -- Up-to-date: C:/Users/jina0/Downloads/xlnt-1.5.0/build/installed/include/xlnt/cell/cell_reference.hpp
  -- Up-to-date: C:/Users/jina0/Downloads/xlnt-1.5.0/build/installed/include/xlnt/cell/cell_type.hpp
  -- Up-to-date: C:/Users/jina0/Downloads/xlnt-1.5.0/build/installed/include/xlnt/cell/comment.hpp
  -- Up-to-date: C:/Users/jina0/Downloads/xlnt-1.5.0/build/installed/include/xlnt/cell/hyperlink.hpp
  -- Up-to-date: C:/Users/jina0/Downloads/xlnt-1.5.0/build/installed/include/xlnt/cell/index_types.hpp
  -- Up-to-date: C:/Users/jina0/Downloads/xlnt-1.5.0/build/installed/include/xlnt/cell/phonetic_run.hpp
  -- Up-to-date: C:/Users/jina0/Downloads/xlnt-1.5.0/build/installed/include/xlnt/cell/rich_text.hpp
  -- Up-to-date: C:/Users/jina0/Downloads/xlnt-1.5.0/build/installed/include/xlnt/cell/rich_text_run.hpp
  -- Up-to-date: C:/Users/jina0/Downloads/xlnt-1.5.0/build/installed/include/xlnt/drawing
  -- Up-to-date: C:/Users/jina0/Downloads/xlnt-1.5.0/build/installed/include/xlnt/drawing/spreadsheet_drawing.hpp
  -- Up-to-date: C:/Users/jina0/Downloads/xlnt-1.5.0/build/installed/include/xlnt/packaging
  -- Up-to-date: C:/Users/jina0/Downloads/xlnt-1.5.0/build/installed/include/xlnt/packaging/ext_list.hpp
  -- Up-to-date: C:/Users/jina0/Downloads/xlnt-1.5.0/build/installed/include/xlnt/packaging/manifest.hpp
  -- Up-to-date: C:/Users/jina0/Downloads/xlnt-1.5.0/build/installed/include/xlnt/packaging/relationship.hpp
  -- Up-to-date: C:/Users/jina0/Downloads/xlnt-1.5.0/build/installed/include/xlnt/packaging/uri.hpp
  -- Up-to-date: C:/Users/jina0/Downloads/xlnt-1.5.0/build/installed/include/xlnt/styles
  -- Up-to-date: C:/Users/jina0/Downloads/xlnt-1.5.0/build/installed/include/xlnt/styles/alignment.hpp
  -- Up-to-date: C:/Users/jina0/Downloads/xlnt-1.5.0/build/installed/include/xlnt/styles/border.hpp
  -- Up-to-date: C:/Users/jina0/Downloads/xlnt-1.5.0/build/installed/include/xlnt/styles/color.hpp
  -- Up-to-date: C:/Users/jina0/Downloads/xlnt-1.5.0/build/installed/include/xlnt/styles/conditional_format.hpp
  -- Up-to-date: C:/Users/jina0/Downloads/xlnt-1.5.0/build/installed/include/xlnt/styles/fill.hpp
  -- Up-to-date: C:/Users/jina0/Downloads/xlnt-1.5.0/build/installed/include/xlnt/styles/font.hpp
  -- Up-to-date: C:/Users/jina0/Downloads/xlnt-1.5.0/build/installed/include/xlnt/styles/format.hpp
  -- Up-to-date: C:/Users/jina0/Downloads/xlnt-1.5.0/build/installed/include/xlnt/styles/number_format.hpp
  -- Up-to-date: C:/Users/jina0/Downloads/xlnt-1.5.0/build/installed/include/xlnt/styles/protection.hpp
  -- Up-to-date: C:/Users/jina0/Downloads/xlnt-1.5.0/build/installed/include/xlnt/styles/style.hpp
  -- Up-to-date: C:/Users/jina0/Downloads/xlnt-1.5.0/build/installed/include/xlnt/utils
  -- Up-to-date: C:/Users/jina0/Downloads/xlnt-1.5.0/build/installed/include/xlnt/utils/calendar.hpp
  -- Up-to-date: C:/Users/jina0/Downloads/xlnt-1.5.0/build/installed/include/xlnt/utils/date.hpp
  -- Up-to-date: C:/Users/jina0/Downloads/xlnt-1.5.0/build/installed/include/xlnt/utils/datetime.hpp
  -- Up-to-date: C:/Users/jina0/Downloads/xlnt-1.5.0/build/installed/include/xlnt/utils/exceptions.hpp
  -- Up-to-date: C:/Users/jina0/Downloads/xlnt-1.5.0/build/installed/include/xlnt/utils/numeric.hpp
  -- Up-to-date: C:/Users/jina0/Downloads/xlnt-1.5.0/build/installed/include/xlnt/utils/optional.hpp
  -- Up-to-date: C:/Users/jina0/Downloads/xlnt-1.5.0/build/installed/include/xlnt/utils/path.hpp
  -- Up-to-date: C:/Users/jina0/Downloads/xlnt-1.5.0/build/installed/include/xlnt/utils/scoped_enum_hash.hpp
  -- Up-to-date: C:/Users/jina0/Downloads/xlnt-1.5.0/build/installed/include/xlnt/utils/time.hpp
  -- Up-to-date: C:/Users/jina0/Downloads/xlnt-1.5.0/build/installed/include/xlnt/utils/timedelta.hpp
  -- Up-to-date: C:/Users/jina0/Downloads/xlnt-1.5.0/build/installed/include/xlnt/utils/variant.hpp
  -- Up-to-date: C:/Users/jina0/Downloads/xlnt-1.5.0/build/installed/include/xlnt/workbook
  -- Up-to-date: C:/Users/jina0/Downloads/xlnt-1.5.0/build/installed/include/xlnt/workbook/calculation_properties.hpp
  -- Up-to-date: C:/Users/jina0/Downloads/xlnt-1.5.0/build/installed/include/xlnt/workbook/document_security.hpp
  -- Up-to-date: C:/Users/jina0/Downloads/xlnt-1.5.0/build/installed/include/xlnt/workbook/external_book.hpp
  -- Up-to-date: C:/Users/jina0/Downloads/xlnt-1.5.0/build/installed/include/xlnt/workbook/metadata_property.hpp
  -- Up-to-date: C:/Users/jina0/Downloads/xlnt-1.5.0/build/installed/include/xlnt/workbook/named_range.hpp
  -- Up-to-date: C:/Users/jina0/Downloads/xlnt-1.5.0/build/installed/include/xlnt/workbook/streaming_workbook_reader.hpp
  -- Up-to-date: C:/Users/jina0/Downloads/xlnt-1.5.0/build/installed/include/xlnt/workbook/streaming_workbook_writer.hpp
  -- Up-to-date: C:/Users/jina0/Downloads/xlnt-1.5.0/build/installed/include/xlnt/workbook/theme.hpp
  -- Up-to-date: C:/Users/jina0/Downloads/xlnt-1.5.0/build/installed/include/xlnt/workbook/workbook.hpp
  -- Up-to-date: C:/Users/jina0/Downloads/xlnt-1.5.0/build/installed/include/xlnt/workbook/workbook_view.hpp
  -- Up-to-date: C:/Users/jina0/Downloads/xlnt-1.5.0/build/installed/include/xlnt/workbook/worksheet_iterator.hpp
  -- Up-to-date: C:/Users/jina0/Downloads/xlnt-1.5.0/build/installed/include/xlnt/worksheet
  -- Up-to-date: C:/Users/jina0/Downloads/xlnt-1.5.0/build/installed/include/xlnt/worksheet/cell_iterator.hpp
  -- Up-to-date: C:/Users/jina0/Downloads/xlnt-1.5.0/build/installed/include/xlnt/worksheet/cell_vector.hpp
  -- Up-to-date: C:/Users/jina0/Downloads/xlnt-1.5.0/build/installed/include/xlnt/worksheet/column_properties.hpp
  -- Up-to-date: C:/Users/jina0/Downloads/xlnt-1.5.0/build/installed/include/xlnt/worksheet/header_footer.hpp
  -- Up-to-date: C:/Users/jina0/Downloads/xlnt-1.5.0/build/installed/include/xlnt/worksheet/major_order.hpp
  -- Up-to-date: C:/Users/jina0/Downloads/xlnt-1.5.0/build/installed/include/xlnt/worksheet/page_margins.hpp
  -- Up-to-date: C:/Users/jina0/Downloads/xlnt-1.5.0/build/installed/include/xlnt/worksheet/page_setup.hpp
  -- Up-to-date: C:/Users/jina0/Downloads/xlnt-1.5.0/build/installed/include/xlnt/worksheet/pane.hpp
  -- Up-to-date: C:/Users/jina0/Downloads/xlnt-1.5.0/build/installed/include/xlnt/worksheet/phonetic_pr.hpp
  -- Up-to-date: C:/Users/jina0/Downloads/xlnt-1.5.0/build/installed/include/xlnt/worksheet/print_options.hpp
  -- Up-to-date: C:/Users/jina0/Downloads/xlnt-1.5.0/build/installed/include/xlnt/worksheet/range.hpp
  -- Up-to-date: C:/Users/jina0/Downloads/xlnt-1.5.0/build/installed/include/xlnt/worksheet/range_iterator.hpp
  -- Up-to-date: C:/Users/jina0/Downloads/xlnt-1.5.0/build/installed/include/xlnt/worksheet/range_reference.hpp
  -- Up-to-date: C:/Users/jina0/Downloads/xlnt-1.5.0/build/installed/include/xlnt/worksheet/row_properties.hpp
  -- Up-to-date: C:/Users/jina0/Downloads/xlnt-1.5.0/build/installed/include/xlnt/worksheet/selection.hpp
  -- Up-to-date: C:/Users/jina0/Downloads/xlnt-1.5.0/build/installed/include/xlnt/worksheet/sheet_format_properties.hpp
  -- Up-to-date: C:/Users/jina0/Downloads/xlnt-1.5.0/build/installed/include/xlnt/worksheet/sheet_pr.hpp
  -- Up-to-date: C:/Users/jina0/Downloads/xlnt-1.5.0/build/installed/include/xlnt/worksheet/sheet_protection.hpp
  -- Up-to-date: C:/Users/jina0/Downloads/xlnt-1.5.0/build/installed/include/xlnt/worksheet/sheet_view.hpp
  -- Up-to-date: C:/Users/jina0/Downloads/xlnt-1.5.0/build/installed/include/xlnt/worksheet/worksheet.hpp
  -- Up-to-date: C:/Users/jina0/Downloads/xlnt-1.5.0/build/installed/include/xlnt/xlnt.hpp
  -- Up-to-date: C:/Users/jina0/Downloads/xlnt-1.5.0/build/installed/include/xlnt/xlnt_config.hpp
  -- Up-to-date: C:/Users/jina0/Downloads/xlnt-1.5.0/build/installed/share/man/man3/xlnt.3
