c:\users\jina0\downloads\xlnt-1.5.0\build\source\xlnt.dir\debug\vc142.pdb
c:\users\jina0\downloads\xlnt-1.5.0\build\source\xlnt.dir\debug\aes.obj
c:\users\jina0\downloads\xlnt-1.5.0\build\source\xlnt.dir\debug\phonetic_run.obj
c:\users\jina0\downloads\xlnt-1.5.0\build\source\xlnt.dir\debug\manifest.obj
c:\users\jina0\downloads\xlnt-1.5.0\build\source\xlnt.dir\debug\protection.obj
c:\users\jina0\downloads\xlnt-1.5.0\build\source\xlnt.dir\debug\path.obj
c:\users\jina0\downloads\xlnt-1.5.0\build\source\xlnt.dir\debug\header_footer.obj
c:\users\jina0\downloads\xlnt-1.5.0\build\source\xlnt.dir\debug\range_reference.obj
c:\users\jina0\downloads\xlnt-1.5.0\build\source\xlnt.dir\debug\unicode.obj
c:\users\jina0\downloads\xlnt-1.5.0\build\source\xlnt.dir\debug\sha.obj
c:\users\jina0\downloads\xlnt-1.5.0\build\source\xlnt.dir\debug\cell_impl.obj
c:\users\jina0\downloads\xlnt-1.5.0\build\source\xlnt.dir\debug\hyperlink.obj
c:\users\jina0\downloads\xlnt-1.5.0\build\source\xlnt.dir\debug\alignment.obj
c:\users\jina0\downloads\xlnt-1.5.0\build\source\xlnt.dir\debug\format.obj
c:\users\jina0\downloads\xlnt-1.5.0\build\source\xlnt.dir\debug\cell_vector.obj
c:\users\jina0\downloads\xlnt-1.5.0\build\source\xlnt.dir\debug\range.obj
c:\users\jina0\downloads\xlnt-1.5.0\build\source\xlnt.dir\debug\compound_document.obj
c:\users\jina0\downloads\xlnt-1.5.0\build\source\xlnt.dir\debug\number_formatter.obj
c:\users\jina0\downloads\xlnt-1.5.0\build\source\xlnt.dir\debug\zstream.obj
c:\users\jina0\downloads\xlnt-1.5.0\build\source\xlnt.dir\debug\comment.obj
c:\users\jina0\downloads\xlnt-1.5.0\build\source\xlnt.dir\debug\uri.obj
c:\users\jina0\downloads\xlnt-1.5.0\build\source\xlnt.dir\debug\conditional_format.obj
c:\users\jina0\downloads\xlnt-1.5.0\build\source\xlnt.dir\debug\named_range.obj
c:\users\jina0\downloads\xlnt-1.5.0\build\source\xlnt.dir\debug\page_margins.obj
c:\users\jina0\downloads\xlnt-1.5.0\build\source\xlnt.dir\debug\phonetic_pr.obj
c:\users\jina0\downloads\xlnt-1.5.0\build\source\xlnt.dir\debug\worksheet.obj
c:\users\jina0\downloads\xlnt-1.5.0\build\source\xlnt.dir\debug\index_types.obj
c:\users\jina0\downloads\xlnt-1.5.0\build\source\xlnt.dir\debug\ext_list.obj
c:\users\jina0\downloads\xlnt-1.5.0\build\source\xlnt.dir\debug\font.obj
c:\users\jina0\downloads\xlnt-1.5.0\build\source\xlnt.dir\debug\datetime.obj
c:\users\jina0\downloads\xlnt-1.5.0\build\source\xlnt.dir\debug\timedelta.obj
c:\users\jina0\downloads\xlnt-1.5.0\build\source\xlnt.dir\debug\workbook.obj
c:\users\jina0\downloads\xlnt-1.5.0\build\source\xlnt.dir\debug\xlsx_consumer.obj
c:\users\jina0\downloads\xlnt-1.5.0\build\source\xlnt.dir\debug\cell.obj
c:\users\jina0\downloads\xlnt-1.5.0\build\source\xlnt.dir\debug\exceptions.obj
c:\users\jina0\downloads\xlnt-1.5.0\build\source\xlnt.dir\debug\streaming_workbook_reader.obj
c:\users\jina0\downloads\xlnt-1.5.0\build\source\xlnt.dir\debug\xlsx_crypto_producer.obj
c:\users\jina0\downloads\xlnt-1.5.0\build\source\xlnt.dir\debug\open_stream.obj
c:\users\jina0\downloads\xlnt-1.5.0\build\source\xlnt.dir\debug\rich_text_run.obj
c:\users\jina0\downloads\xlnt-1.5.0\build\source\xlnt.dir\debug\border.obj
c:\users\jina0\downloads\xlnt-1.5.0\build\source\xlnt.dir\debug\style.obj
c:\users\jina0\downloads\xlnt-1.5.0\build\source\xlnt.dir\debug\cell_iterator.obj
c:\users\jina0\downloads\xlnt-1.5.0\build\source\xlnt.dir\debug\range_iterator.obj
c:\users\jina0\downloads\xlnt-1.5.0\build\source\xlnt.dir\debug\base64.obj
c:\users\jina0\downloads\xlnt-1.5.0\build\source\xlnt.dir\debug\xlsx_crypto_consumer.obj
c:\users\jina0\downloads\xlnt-1.5.0\build\source\xlnt.dir\debug\vector_streambuf.obj
c:\users\jina0\downloads\xlnt-1.5.0\build\source\xlnt.dir\debug\rich_text.obj
c:\users\jina0\downloads\xlnt-1.5.0\build\source\xlnt.dir\debug\relationship.obj
c:\users\jina0\downloads\xlnt-1.5.0\build\source\xlnt.dir\debug\color.obj
c:\users\jina0\downloads\xlnt-1.5.0\build\source\xlnt.dir\debug\number_format.obj
c:\users\jina0\downloads\xlnt-1.5.0\build\source\xlnt.dir\debug\variant.obj
c:\users\jina0\downloads\xlnt-1.5.0\build\source\xlnt.dir\debug\worksheet_iterator.obj
c:\users\jina0\downloads\xlnt-1.5.0\build\source\xlnt.dir\debug\page_setup.obj
c:\users\jina0\downloads\xlnt-1.5.0\build\source\xlnt.dir\debug\sheet_protection.obj
c:\users\jina0\downloads\xlnt-1.5.0\build\source\xlnt.dir\debug\encryption_info.obj
c:\users\jina0\downloads\xlnt-1.5.0\build\source\xlnt.dir\debug\custom_value_traits.obj
c:\users\jina0\downloads\xlnt-1.5.0\build\source\xlnt.dir\debug\cell_reference.obj
c:\users\jina0\downloads\xlnt-1.5.0\build\source\xlnt.dir\debug\spreadsheet_drawing.obj
c:\users\jina0\downloads\xlnt-1.5.0\build\source\xlnt.dir\debug\fill.obj
c:\users\jina0\downloads\xlnt-1.5.0\build\source\xlnt.dir\debug\date.obj
c:\users\jina0\downloads\xlnt-1.5.0\build\source\xlnt.dir\debug\time.obj
c:\users\jina0\downloads\xlnt-1.5.0\build\source\xlnt.dir\debug\streaming_workbook_writer.obj
c:\users\jina0\downloads\xlnt-1.5.0\build\source\xlnt.dir\debug\constants.obj
c:\users\jina0\downloads\xlnt-1.5.0\build\source\xlnt.dir\debug\hash.obj
c:\users\jina0\downloads\xlnt-1.5.0\build\source\xlnt.dir\debug\header_footer_code.obj
c:\users\jina0\downloads\xlnt-1.5.0\build\source\xlnt.dir\debug\xlsx_producer.obj
c:\users\jina0\downloads\xlnt-1.5.0\build\source\xlnt.dir\debug\sha512.obj
c:\users\jina0\downloads\xlnt-1.5.0\build\source\xlnt.dir\debug\miniz.obj
c:\users\jina0\downloads\xlnt-1.5.0\build\source\xlnt.dir\debug\sha1.obj
c:\users\jina0\downloads\xlnt-1.5.0\build\source\cmakefiles\generate.stamp
c:\users\jina0\downloads\xlnt-1.5.0\build\source\debug\xlntd.ilk
c:\users\jina0\downloads\xlnt-1.5.0\build\source\debug\xlntd.dll
c:\users\jina0\downloads\xlnt-1.5.0\build\source\debug\xlntd.pdb
c:\users\jina0\downloads\xlnt-1.5.0\build\source\debug\xlntd.lib
c:\users\jina0\downloads\xlnt-1.5.0\build\source\debug\xlntd.exp
c:\users\jina0\downloads\xlnt-1.5.0\build\source\xlnt.dir\debug\xlnt.tlog\cl.command.1.tlog
c:\users\jina0\downloads\xlnt-1.5.0\build\source\xlnt.dir\debug\xlnt.tlog\cl.read.1.tlog
c:\users\jina0\downloads\xlnt-1.5.0\build\source\xlnt.dir\debug\xlnt.tlog\cl.write.1.tlog
c:\users\jina0\downloads\xlnt-1.5.0\build\source\xlnt.dir\debug\xlnt.tlog\custombuild.command.1.tlog
c:\users\jina0\downloads\xlnt-1.5.0\build\source\xlnt.dir\debug\xlnt.tlog\custombuild.read.1.tlog
c:\users\jina0\downloads\xlnt-1.5.0\build\source\xlnt.dir\debug\xlnt.tlog\custombuild.write.1.tlog
c:\users\jina0\downloads\xlnt-1.5.0\build\source\xlnt.dir\debug\xlnt.tlog\link.command.1.tlog
c:\users\jina0\downloads\xlnt-1.5.0\build\source\xlnt.dir\debug\xlnt.tlog\link.read.1.tlog
c:\users\jina0\downloads\xlnt-1.5.0\build\source\xlnt.dir\debug\xlnt.tlog\link.write.1.tlog
c:\users\jina0\downloads\xlnt-1.5.0\build\source\xlnt.dir\debug\xlnt.tlog\xlnt.write.1u.tlog
