c:\users\82109\desktop\dbex_32bit\dbex_32bit\release\moc_dbex_32bit.obj
c:\users\82109\desktop\dbex_32bit\dbex_32bit\release\qrc_dbex_32bit.obj
c:\users\82109\desktop\dbex_32bit\dbex_32bit\release\dbex_32bit.obj
c:\users\82109\desktop\dbex_32bit\dbex_32bit\release\main.obj
c:\users\82109\desktop\dbex_32bit\dbex_32bit\release\rcc\qrc_dbex_32bit.cpp
c:\users\82109\desktop\dbex_32bit\dbex_32bit\release\uic\ui_dbex_32bit.h
c:\users\82109\desktop\dbex_32bit\dbex_32bit\release\moc\moc_dbex_32bit.cpp
c:\users\82109\desktop\dbex_32bit\dbex_32bit\release\dbex_32bit.exe
c:\users\82109\desktop\dbex_32bit\dbex_32bit\release\xlntd.exp
c:\users\82109\desktop\dbex_32bit\dbex_32bit\release\dbex_32bit.pdb
c:\users\82109\desktop\dbex_32bit\dbex_32bit\release\vc142.pdb
c:\users\82109\desktop\dbex_32bit\dbex_32bit\release\xlntd.pdb
c:\users\82109\desktop\dbex_32bit\dbex_32bit\release\zolproject.pdb
c:\users\82109\desktop\dbex_32bit\dbex_32bit\release\dbex_32bit.tlog\cl.command.1.tlog
c:\users\82109\desktop\dbex_32bit\dbex_32bit\release\dbex_32bit.tlog\cl.read.1.tlog
c:\users\82109\desktop\dbex_32bit\dbex_32bit\release\dbex_32bit.tlog\cl.write.1.tlog
c:\users\82109\desktop\dbex_32bit\dbex_32bit\release\dbex_32bit.tlog\dbex_32bit.write.1u.tlog
c:\users\82109\desktop\dbex_32bit\dbex_32bit\release\dbex_32bit.tlog\link.command.1.tlog
c:\users\82109\desktop\dbex_32bit\dbex_32bit\release\dbex_32bit.tlog\link.read.1.tlog
c:\users\82109\desktop\dbex_32bit\dbex_32bit\release\dbex_32bit.tlog\link.write.1.tlog
c:\users\82109\desktop\dbex_32bit\dbex_32bit\release\dbex_32bit.tlog\moc.read.1u.tlog
c:\users\82109\desktop\dbex_32bit\dbex_32bit\release\dbex_32bit.tlog\moc.write.1u.tlog
c:\users\82109\desktop\dbex_32bit\dbex_32bit\release\dbex_32bit.tlog\rcc.read.1u.tlog
c:\users\82109\desktop\dbex_32bit\dbex_32bit\release\dbex_32bit.tlog\rcc.write.1u.tlog
c:\users\82109\desktop\dbex_32bit\dbex_32bit\release\dbex_32bit.tlog\uic.read.1u.tlog
c:\users\82109\desktop\dbex_32bit\dbex_32bit\release\dbex_32bit.tlog\uic.write.1u.tlog
